<?xml version="1.0" encoding="UTF-8"?>
<testng-results ignored="0" total="3" passed="2" failed="1" skipped="0">
  <reporter-output>
  </reporter-output>
  <suite started-at="2022-11-17T01:10:26 IST" name="Default suite" finished-at="2022-11-17T01:10:44 IST" duration-ms="17557">
    <groups>
    </groups>
    <test started-at="2022-11-17T01:10:26 IST" name="Default test" finished-at="2022-11-17T01:10:44 IST" duration-ms="17557">
      <class name="com.base.UITestRunner">
        <test-method is-config="true" signature="setupDriver()[pri:0, instance:com.base.UITestRunner@6f204a1a]" started-at="2022-11-17T01:10:26 IST" name="setupDriver" finished-at="2022-11-17T01:10:31 IST" duration-ms="4992" status="PASS">
          <reporter-output>
          </reporter-output>
        </test-method> <!-- setupDriver -->
        <test-method signature="users_are_able_to_filter_for_an_item_by_brand()[pri:1, instance:com.base.UITestRunner@6f204a1a]" started-at="2022-11-17T01:10:31 IST" name="users_are_able_to_filter_for_an_item_by_brand" finished-at="2022-11-17T01:10:34 IST" duration-ms="3151" status="PASS">
          <reporter-output>
          </reporter-output>
        </test-method> <!-- users_are_able_to_filter_for_an_item_by_brand -->
        <test-method signature="users_are_able_to_sort_results_under_dresses_by_price()[pri:2, instance:com.base.UITestRunner@6f204a1a]" started-at="2022-11-17T01:10:34 IST" name="users_are_able_to_sort_results_under_dresses_by_price" finished-at="2022-11-17T01:10:38 IST" duration-ms="3998" status="FAIL">
          <exception class="java.lang.AssertionError">
            <message>
              <![CDATA[expected [true] but found [false]]]>
            </message>
            <full-stacktrace>
              <![CDATA[java.lang.AssertionError: expected [true] but found [false]
at org.testng.Assert.fail(Assert.java:110)
at org.testng.Assert.failNotEquals(Assert.java:1413)
at org.testng.Assert.assertTrue(Assert.java:56)
at org.testng.Assert.assertTrue(Assert.java:66)
at com.base.UITestRunner.users_are_able_to_sort_results_under_dresses_by_price(UITestRunner.java:44)
at java.base/jdk.internal.reflect.NativeMethodAccessorImpl.invoke0(Native Method)
at java.base/jdk.internal.reflect.NativeMethodAccessorImpl.invoke(NativeMethodAccessorImpl.java:62)
at java.base/jdk.internal.reflect.DelegatingMethodAccessorImpl.invoke(DelegatingMethodAccessorImpl.java:43)
at java.base/java.lang.reflect.Method.invoke(Method.java:566)
at org.testng.internal.invokers.MethodInvocationHelper.invokeMethod(MethodInvocationHelper.java:139)
at org.testng.internal.invokers.TestInvoker.invokeMethod(TestInvoker.java:677)
at org.testng.internal.invokers.TestInvoker.invokeTestMethod(TestInvoker.java:221)
at org.testng.internal.invokers.MethodRunner.runInSequence(MethodRunner.java:50)
at org.testng.internal.invokers.TestInvoker$MethodInvocationAgent.invoke(TestInvoker.java:962)
at org.testng.internal.invokers.TestInvoker.invokeTestMethods(TestInvoker.java:194)
at org.testng.internal.invokers.TestMethodWorker.invokeTestMethods(TestMethodWorker.java:148)
at org.testng.internal.invokers.TestMethodWorker.run(TestMethodWorker.java:128)
at java.base/java.util.ArrayList.forEach(ArrayList.java:1540)
at org.testng.TestRunner.privateRun(TestRunner.java:806)
at org.testng.TestRunner.run(TestRunner.java:601)
at org.testng.SuiteRunner.runTest(SuiteRunner.java:433)
at org.testng.SuiteRunner.runSequentially(SuiteRunner.java:427)
at org.testng.SuiteRunner.privateRun(SuiteRunner.java:387)
at org.testng.SuiteRunner.run(SuiteRunner.java:330)
at org.testng.SuiteRunnerWorker.runSuite(SuiteRunnerWorker.java:52)
at org.testng.SuiteRunnerWorker.run(SuiteRunnerWorker.java:95)
at org.testng.TestNG.runSuitesSequentially(TestNG.java:1256)
at org.testng.TestNG.runSuitesLocally(TestNG.java:1176)
at org.testng.TestNG.runSuites(TestNG.java:1099)
at org.testng.TestNG.run(TestNG.java:1067)
at org.testng.remote.AbstractRemoteTestNG.run(AbstractRemoteTestNG.java:115)
at org.testng.remote.RemoteTestNG.initAndRun(RemoteTestNG.java:251)
at org.testng.remote.RemoteTestNG.main(RemoteTestNG.java:77)
]]>
            </full-stacktrace>
          </exception> <!-- java.lang.AssertionError -->
          <reporter-output>
          </reporter-output>
        </test-method> <!-- users_are_able_to_sort_results_under_dresses_by_price -->
        <test-method signature="users_are_able_to_search_for_an_item()[pri:3, instance:com.base.UITestRunner@6f204a1a]" started-at="2022-11-17T01:10:38 IST" name="users_are_able_to_search_for_an_item" finished-at="2022-11-17T01:10:43 IST" duration-ms="4488" status="PASS">
          <reporter-output>
          </reporter-output>
        </test-method> <!-- users_are_able_to_search_for_an_item -->
        <test-method is-config="true" signature="afterClass()[pri:0, instance:com.base.UITestRunner@6f204a1a]" started-at="2022-11-17T01:10:43 IST" name="afterClass" finished-at="2022-11-17T01:10:44 IST" duration-ms="840" status="PASS">
          <reporter-output>
          </reporter-output>
        </test-method> <!-- afterClass -->
      </class> <!-- com.base.UITestRunner -->
    </test> <!-- Default test -->
  </suite> <!-- Default suite -->
</testng-results>
